
> frontend@0.1.0 test
> vitest run


[1m[46m RUN [49m[22m [36mv4.0.10 [39m[90mC:/Users/SITECH/Desktop/DEV/Distribution-Managment/frontend[39m

 [32mÎ“Â£Ã´[39m src/lib/testing/query-provider.test.ts [2m([22m[2m1 test[22m[2m)[22m[32m 4[2mms[22m[39m
 [32mÎ“Â£Ã´[39m src/lib/monitoring/sla-tracker.test.ts [2m([22m[2m1 test[22m[2m)[22m[32m 4[2mms[22m[39m
 [32mÎ“Â£Ã´[39m src/lib/logger.test.ts [2m([22m[2m20 tests[22m[2m)[22m[32m 109[2mms[22m[39m
 [31mÎ“Â¥Â»[39m src/tests/admin/admin.test.ts [2m([22m[2m36 tests[22m[2m | [22m[31m1 failed[39m[2m | [22m[33m2 skipped[39m[2m)[22m[32m 129[2mms[22m[39m
     [32mÎ“Â£Ã´[39m should create admin client successfully[32m 3[2mms[22m[39m
     [32mÎ“Â£Ã´[39m should validate admin configuration[32m 2[2mms[22m[39m
     [32mÎ“Â£Ã´[39m should check connection health[32m 4[2mms[22m[39m
     [2m[90mÎ“Ã¥Ã´[39m[22m should enforce server-side only usage
     [32mÎ“Â£Ã´[39m should provide connection info[32m 4[2mms[22m[39m
     [32mÎ“Â£Ã´[39m should get system health[32m 3[2mms[22m[39m
     [32mÎ“Â£Ã´[39m should provide environment-specific functionality[32m 8[2mms[22m[39m
     [32mÎ“Â£Ã´[39m should validate email addresses[32m 2[2mms[22m[39m
     [32mÎ“Â£Ã´[39m should validate user data[32m 1[2mms[22m[39m
     [32mÎ“Â£Ã´[39m should validate product data[32m 1[2mms[22m[39m
     [32mÎ“Â£Ã´[39m should validate bulk price updates[32m 1[2mms[22m[39m
     [32mÎ“Â£Ã´[39m should filter logs by resource[32m 1[2mms[22m[39m
     [32mÎ“Â£Ã´[39m should create batch operations[32m 1[2mms[22m[39m
     [32mÎ“Â£Ã´[39m should update batch progress[32m 1[2mms[22m[39m
     [32mÎ“Â£Ã´[39m should complete batch operations[32m 0[2mms[22m[39m
     [32mÎ“Â£Ã´[39m should retrieve active batches[32m 1[2mms[22m[39m
[31m     [31mâ”œÃ¹[31m should cleanup old batches[39m[32m 17[2mms[22m[39m
     [32mÎ“Â£Ã´[39m should format currency[32m 38[2mms[22m[39m
     [32mÎ“Â£Ã´[39m should format dates[32m 11[2mms[22m[39m
     [32mÎ“Â£Ã´[39m should calculate percentage changes[32m 1[2mms[22m[39m
     [32mÎ“Â£Ã´[39m should format percentages[32m 1[2mms[22m[39m
     [32mÎ“Â£Ã´[39m should generate analytics reports[32m 5[2mms[22m[39m
     [32mÎ“Â£Ã´[39m should sanitize input[32m 1[2mms[22m[39m
     [32mÎ“Â£Ã´[39m should validate file uploads[32m 1[2mms[22m[39m
     [32mÎ“Â£Ã´[39m should generate secure tokens[32m 2[2mms[22m[39m
     [32mÎ“Â£Ã´[39m should create bulk price update batch[32m 3[2mms[22m[39m
     [32mÎ“Â£Ã´[39m should create bulk user status update batch[32m 2[2mms[22m[39m
     [32mÎ“Â£Ã´[39m should require confirmation for destructive operations[32m 2[2mms[22m[39m
     [32mÎ“Â£Ã´[39m should monitor batch operations[32m 1[2mms[22m[39m
     [32mÎ“Â£Ã´[39m should log admin actions[32m 1[2mms[22m[39m
     [32mÎ“Â£Ã´[39m should get audit statistics[32m 2[2mms[22m[39m
     [32mÎ“Â£Ã´[39m should export audit logs[32m 2[2mms[22m[39m
     [32mÎ“Â£Ã´[39m should work together as complete system[32m 1[2mms[22m[39m
     [32mÎ“Â£Ã´[39m should handle validation errors gracefully[32m 1[2mms[22m[39m
     [32mÎ“Â£Ã´[39m should handle batch operation errors[32m 1[2mms[22m[39m
     [2m[90mÎ“Ã¥Ã´[39m[22m should provide meaningful error messages
stderr | src/app/global-error.test.tsx > Global Error Boundary > should render global error boundary
In HTML, <html> cannot be a child of <div>.
This will cause a hydration error.
Critical application error Error: Critical error
    at C:/Users/SITECH/Desktop/DEV/Distribution-Managment/frontend/src/app/global-error.test.tsx:21:21
    at file:///C:/Users/SITECH/Desktop/DEV/Distribution-Managment/frontend/node_modules/@vitest/runner/dist/index.js:735:40
    at runWithSuite (file:///C:/Users/SITECH/Desktop/DEV/Distribution-Managment/frontend/node_modules/@vitest/runner/dist/index.js:1588:8)
    at Object.collect (file:///C:/Users/SITECH/Desktop/DEV/Distribution-Managment/frontend/node_modules/@vitest/runner/dist/index.js:735:10)
    at Object.collect (file:///C:/Users/SITECH/Desktop/DEV/Distribution-Managment/frontend/node_modules/@vitest/runner/dist/index.js:739:54)
    at processTicksAndRejections (node:internal/process/task_queues:105:5)
    at collectTests (file:///C:/Users/SITECH/Desktop/DEV/Distribution-Managment/frontend/node_modules/@vitest/runner/dist/index.js:1048:25)
    at startTests (file:///C:/Users/SITECH/Desktop/DEV/Distribution-Managment/frontend/node_modules/@vitest/runner/dist/index.js:1556:17)
    at run (file:///C:/Users/SITECH/Desktop/DEV/Distribution-Managment/frontend/node_modules/vitest/dist/chunks/base.BFVArrYW.js:85:25)
    at runBaseTests (file:///C:/Users/SITECH/Desktop/DEV/Distribution-Managment/frontend/node_modules/vitest/dist/chunks/base.BFVArrYW.js:153:2) { digest: undefined, location: 'global-error-boundary' }

 [32mÎ“Â£Ã´[39m src/example.test.tsx [2m([22m[2m7 tests[22m[2m)[22m[32m 48[2mms[22m[39m
stderr | src/app/global-error.test.tsx > Global Error Boundary > should display error message in development
Critical application error Error: Critical error
    at C:/Users/SITECH/Desktop/DEV/Distribution-Managment/frontend/src/app/global-error.test.tsx:21:21
    at file:///C:/Users/SITECH/Desktop/DEV/Distribution-Managment/frontend/node_modules/@vitest/runner/dist/index.js:735:40
    at runWithSuite (file:///C:/Users/SITECH/Desktop/DEV/Distribution-Managment/frontend/node_modules/@vitest/runner/dist/index.js:1588:8)
    at Object.collect (file:///C:/Users/SITECH/Desktop/DEV/Distribution-Managment/frontend/node_modules/@vitest/runner/dist/index.js:735:10)
    at Object.collect (file:///C:/Users/SITECH/Desktop/DEV/Distribution-Managment/frontend/node_modules/@vitest/runner/dist/index.js:739:54)
    at processTicksAndRejections (node:internal/process/task_queues:105:5)
    at collectTests (file:///C:/Users/SITECH/Desktop/DEV/Distribution-Managment/frontend/node_modules/@vitest/runner/dist/index.js:1048:25)
    at startTests (file:///C:/Users/SITECH/Desktop/DEV/Distribution-Managment/frontend/node_modules/@vitest/runner/dist/index.js:1556:17)
    at run (file:///C:/Users/SITECH/Desktop/DEV/Distribution-Managment/frontend/node_modules/vitest/dist/chunks/base.BFVArrYW.js:85:25)
    at runBaseTests (file:///C:/Users/SITECH/Desktop/DEV/Distribution-Managment/frontend/node_modules/vitest/dist/chunks/base.BFVArrYW.js:153:2) { digest: undefined, location: 'global-error-boundary' }

stderr | src/app/global-error.test.tsx > Global Error Boundary > should not display error details in production
Critical application error Error: Critical error
    at C:/Users/SITECH/Desktop/DEV/Distribution-Managment/frontend/src/app/global-error.test.tsx:21:21
    at file:///C:/Users/SITECH/Desktop/DEV/Distribution-Managment/frontend/node_modules/@vitest/runner/dist/index.js:735:40
    at runWithSuite (file:///C:/Users/SITECH/Desktop/DEV/Distribution-Managment/frontend/node_modules/@vitest/runner/dist/index.js:1588:8)
    at Object.collect (file:///C:/Users/SITECH/Desktop/DEV/Distribution-Managment/frontend/node_modules/@vitest/runner/dist/index.js:735:10)
    at Object.collect (file:///C:/Users/SITECH/Desktop/DEV/Distribution-Managment/frontend/node_modules/@vitest/runner/dist/index.js:739:54)
    at processTicksAndRejections (node:internal/process/task_queues:105:5)
    at collectTests (file:///C:/Users/SITECH/Desktop/DEV/Distribution-Managment/frontend/node_modules/@vitest/runner/dist/index.js:1048:25)
    at startTests (file:///C:/Users/SITECH/Desktop/DEV/Distribution-Managment/frontend/node_modules/@vitest/runner/dist/index.js:1556:17)
    at run (file:///C:/Users/SITECH/Desktop/DEV/Distribution-Managment/frontend/node_modules/vitest/dist/chunks/base.BFVArrYW.js:85:25)
    at runBaseTests (file:///C:/Users/SITECH/Desktop/DEV/Distribution-Managment/frontend/node_modules/vitest/dist/chunks/base.BFVArrYW.js:153:2) { digest: undefined, location: 'global-error-boundary' }

stderr | src/app/global-error.test.tsx > Global Error Boundary > should display error digest in development
Critical application error Error: Test
    at C:/Users/SITECH/Desktop/DEV/Distribution-Managment/frontend/src/app/global-error.test.tsx:94:43
    at file:///C:/Users/SITECH/Desktop/DEV/Distribution-Managment/frontend/node_modules/@vitest/runner/dist/index.js:157:11
    at file:///C:/Users/SITECH/Desktop/DEV/Distribution-Managment/frontend/node_modules/@vitest/runner/dist/index.js:753:26
    at file:///C:/Users/SITECH/Desktop/DEV/Distribution-Managment/frontend/node_modules/@vitest/runner/dist/index.js:1636:20
    at new Promise (<anonymous>)
    at runWithTimeout (file:///C:/Users/SITECH/Desktop/DEV/Distribution-Managment/frontend/node_modules/@vitest/runner/dist/index.js:1602:10)
    at runTest (file:///C:/Users/SITECH/Desktop/DEV/Distribution-Managment/frontend/node_modules/@vitest/runner/dist/index.js:1309:12)
    at processTicksAndRejections (node:internal/process/task_queues:105:5)
    at runSuite (file:///C:/Users/SITECH/Desktop/DEV/Distribution-Managment/frontend/node_modules/@vitest/runner/dist/index.js:1468:8)
    at runSuite (file:///C:/Users/SITECH/Desktop/DEV/Distribution-Managment/frontend/node_modules/@vitest/runner/dist/index.js:1468:8) {
  digest: 'xyz789'
} { digest: 'xyz789', location: 'global-error-boundary' }

stderr | src/app/global-error.test.tsx > Global Error Boundary > should call reset when "ÃŸÃ¢Ã­ÃŸÃ¢Â¬ÃŸÃ¢Ã‰ÃŸÃ¢Ã´ÃŸÃ¢Ã¶ ÃŸÃ¢Ã¹ÃŸÃ¢Ã‰ÃŸÃ¢Ã²ÃŸÃ¢Ã¿ÃŸÃ¢Ã´ÃŸÃ¢Ã‰ÃŸÃ¢Â£" button is clicked
Critical application error Error: Critical error
    at C:/Users/SITECH/Desktop/DEV/Distribution-Managment/frontend/src/app/global-error.test.tsx:21:21
    at file:///C:/Users/SITECH/Desktop/DEV/Distribution-Managment/frontend/node_modules/@vitest/runner/dist/index.js:735:40
    at runWithSuite (file:///C:/Users/SITECH/Desktop/DEV/Distribution-Managment/frontend/node_modules/@vitest/runner/dist/index.js:1588:8)
    at Object.collect (file:///C:/Users/SITECH/Desktop/DEV/Distribution-Managment/frontend/node_modules/@vitest/runner/dist/index.js:735:10)
    at Object.collect (file:///C:/Users/SITECH/Desktop/DEV/Distribution-Managment/frontend/node_modules/@vitest/runner/dist/index.js:739:54)
    at processTicksAndRejections (node:internal/process/task_queues:105:5)
    at collectTests (file:///C:/Users/SITECH/Desktop/DEV/Distribution-Managment/frontend/node_modules/@vitest/runner/dist/index.js:1048:25)
    at startTests (file:///C:/Users/SITECH/Desktop/DEV/Distribution-Managment/frontend/node_modules/@vitest/runner/dist/index.js:1556:17)
    at run (file:///C:/Users/SITECH/Desktop/DEV/Distribution-Managment/frontend/node_modules/vitest/dist/chunks/base.BFVArrYW.js:85:25)
    at runBaseTests (file:///C:/Users/SITECH/Desktop/DEV/Distribution-Managment/frontend/node_modules/vitest/dist/chunks/base.BFVArrYW.js:153:2) { digest: undefined, location: 'global-error-boundary' }

stderr | src/app/global-error.test.tsx > Global Error Boundary > should navigate to home when "ÃŸÃ¢Â¢ÃŸÃ¢Ã¹ÃŸÃ¢Ã‰ÃŸÃ¢Ã²ÃŸÃ¢Ã‰ÃŸÃ¢Ã¡ÃŸÃ¢Ã¿ ÃŸÃ¢Ã†ÃŸÃ¢Ã²ÃŸÃ¢Ã¶ÃŸÃ¢Ã¡ÃŸÃ¢Ã´ÃŸÃ¢Ã¿" button is clicked
Critical application error Error: Critical error
    at C:/Users/SITECH/Desktop/DEV/Distribution-Managment/frontend/src/app/global-error.test.tsx:21:21
    at file:///C:/Users/SITECH/Desktop/DEV/Distribution-Managment/frontend/node_modules/@vitest/runner/dist/index.js:735:40
    at runWithSuite (file:///C:/Users/SITECH/Desktop/DEV/Distribution-Managment/frontend/node_modules/@vitest/runner/dist/index.js:1588:8)
    at Object.collect (file:///C:/Users/SITECH/Desktop/DEV/Distribution-Managment/frontend/node_modules/@vitest/runner/dist/index.js:735:10)
    at Object.collect (file:///C:/Users/SITECH/Desktop/DEV/Distribution-Managment/frontend/node_modules/@vitest/runner/dist/index.js:739:54)
    at processTicksAndRejections (node:internal/process/task_queues:105:5)
    at collectTests (file:///C:/Users/SITECH/Desktop/DEV/Distribution-Managment/frontend/node_modules/@vitest/runner/dist/index.js:1048:25)
    at startTests (file:///C:/Users/SITECH/Desktop/DEV/Distribution-Managment/frontend/node_modules/@vitest/runner/dist/index.js:1556:17)
    at run (file:///C:/Users/SITECH/Desktop/DEV/Distribution-Managment/frontend/node_modules/vitest/dist/chunks/base.BFVArrYW.js:85:25)
    at runBaseTests (file:///C:/Users/SITECH/Desktop/DEV/Distribution-Managment/frontend/node_modules/vitest/dist/chunks/base.BFVArrYW.js:153:2) { digest: undefined, location: 'global-error-boundary' }

stderr | src/app/global-error.test.tsx > Global Error Boundary > should display Georgian critical error message
Critical application error Error: Critical error
    at C:/Users/SITECH/Desktop/DEV/Distribution-Managment/frontend/src/app/global-error.test.tsx:21:21
    at file:///C:/Users/SITECH/Desktop/DEV/Distribution-Managment/frontend/node_modules/@vitest/runner/dist/index.js:735:40
    at runWithSuite (file:///C:/Users/SITECH/Desktop/DEV/Distribution-Managment/frontend/node_modules/@vitest/runner/dist/index.js:1588:8)
    at Object.collect (file:///C:/Users/SITECH/Desktop/DEV/Distribution-Managment/frontend/node_modules/@vitest/runner/dist/index.js:735:10)
    at Object.collect (file:///C:/Users/SITECH/Desktop/DEV/Distribution-Managment/frontend/node_modules/@vitest/runner/dist/index.js:739:54)
    at processTicksAndRejections (node:internal/process/task_queues:105:5)
    at collectTests (file:///C:/Users/SITECH/Desktop/DEV/Distribution-Managment/frontend/node_modules/@vitest/runner/dist/index.js:1048:25)
    at startTests (file:///C:/Users/SITECH/Desktop/DEV/Distribution-Managment/frontend/node_modules/@vitest/runner/dist/index.js:1556:17)
    at run (file:///C:/Users/SITECH/Desktop/DEV/Distribution-Managment/frontend/node_modules/vitest/dist/chunks/base.BFVArrYW.js:85:25)
    at runBaseTests (file:///C:/Users/SITECH/Desktop/DEV/Distribution-Managment/frontend/node_modules/vitest/dist/chunks/base.BFVArrYW.js:153:2) { digest: undefined, location: 'global-error-boundary' }

stderr | src/app/global-error.test.tsx > Global Error Boundary > should use inline styles
Critical application error Error: Critical error
    at C:/Users/SITECH/Desktop/DEV/Distribution-Managment/frontend/src/app/global-error.test.tsx:21:21
    at file:///C:/Users/SITECH/Desktop/DEV/Distribution-Managment/frontend/node_modules/@vitest/runner/dist/index.js:735:40
    at runWithSuite (file:///C:/Users/SITECH/Desktop/DEV/Distribution-Managment/frontend/node_modules/@vitest/runner/dist/index.js:1588:8)
    at Object.collect (file:///C:/Users/SITECH/Desktop/DEV/Distribution-Managment/frontend/node_modules/@vitest/runner/dist/index.js:735:10)
    at Object.collect (file:///C:/Users/SITECH/Desktop/DEV/Distribution-Managment/frontend/node_modules/@vitest/runner/dist/index.js:739:54)
    at processTicksAndRejections (node:internal/process/task_queues:105:5)
    at collectTests (file:///C:/Users/SITECH/Desktop/DEV/Distribution-Managment/frontend/node_modules/@vitest/runner/dist/index.js:1048:25)
    at startTests (file:///C:/Users/SITECH/Desktop/DEV/Distribution-Managment/frontend/node_modules/@vitest/runner/dist/index.js:1556:17)
    at run (file:///C:/Users/SITECH/Desktop/DEV/Distribution-Managment/frontend/node_modules/vitest/dist/chunks/base.BFVArrYW.js:85:25)
    at runBaseTests (file:///C:/Users/SITECH/Desktop/DEV/Distribution-Managment/frontend/node_modules/vitest/dist/chunks/base.BFVArrYW.js:153:2) { digest: undefined, location: 'global-error-boundary' }

 [32mÎ“Â£Ã´[39m src/app/global-error.test.tsx [2m([22m[2m8 tests[22m[2m)[22m[32m 123[2mms[22m[39m

Î“Ã„Â»Î“Ã„Â»Î“Ã„Â»Î“Ã„Â»Î“Ã„Â»Î“Ã„Â»Î“Ã„Â» Failed Tests 1 Î“Ã„Â»Î“Ã„Â»Î“Ã„Â»Î“Ã„Â»Î“Ã„Â»Î“Ã„Â»Î“Ã„Â»

 FAIL  src/tests/admin/admin.test.ts > AdminBatchProcessor > should cleanup old batches
AssertionError: expected [ { Î“Ã‡Âª(9) } ] to have a length of +0 but got 1

- Expected
+ Received

- 0
+ 1

 Î“Â¥Â» src/tests/admin/admin.test.ts:319:24
    317| 
    318|     const allBatches = AdminBatchProcessor.getAllBatches()
    319|     expect(allBatches).toHaveLength(0)
       |                        ^
    320|   })
    321| })

Î“Ã„Â»Î“Ã„Â»Î“Ã„Â»Î“Ã„Â»Î“Ã„Â»Î“Ã„Â»Î“Ã„Â»Î“Ã„Â»Î“Ã„Â»Î“Ã„Â»Î“Ã„Â»Î“Ã„Â»Î“Ã„Â»Î“Ã„Â»Î“Ã„Â»Î“Ã„Â»Î“Ã„Â»Î“Ã„Â»Î“Ã„Â»Î“Ã„Â»Î“Ã„Â»Î“Ã„Â»Î“Ã„Â»Î“Ã„Â»[1/1]Î“Ã„Â»


[2m Test Files [22m [1m[31m1 failed[39m[22m[2m | [22m[1m[32m5 passed[39m[22m[90m (6)[39m
[2m      Tests [22m [1m[31m1 failed[39m[22m[2m | [22m[1m[32m70 passed[39m[22m[2m | [22m[33m2 skipped[39m[90m (73)[39m
[2m   Start at [22m 13:15:02
[2m   Duration [22m 2.21s[2m (transform 1.59s, setup 1.88s, collect 1.86s, tests 417ms, environment 4.79s, prepare 162ms)[22m

<?xml version="1.0" encoding="UTF-8" ?>
<testsuites name="vitest tests" tests="73" failures="1" errors="0" time="0.4168078">
    <testsuite name="src/example.test.tsx" timestamp="2025-11-20T09:15:05.128Z" hostname="SITECH-PC" tests="7" failures="0" errors="0" skipped="0" time="0.0479602">
        <testcase classname="src/example.test.tsx" name="Vitest Configuration Test &gt; should render a simple component" time="0.0286427">
        </testcase>
        <testcase classname="src/example.test.tsx" name="Vitest Configuration Test &gt; should handle click events" time="0.0065235">
        </testcase>
        <testcase classname="src/example.test.tsx" name="Vitest Configuration Test &gt; should handle disabled state" time="0.0030989">
        </testcase>
        <testcase classname="src/example.test.tsx" name="Vitest Configuration Test &gt; should support Georgian text" time="0.0020028">
        </testcase>
        <testcase classname="src/example.test.tsx" name="Georgian Distribution System - Test Examples &gt; supports Georgian business terminology" time="0.0038946">
        </testcase>
        <testcase classname="src/example.test.tsx" name="Georgian Distribution System - Test Examples &gt; handles Georgian address formatting" time="0.0003687">
        </testcase>
        <testcase classname="src/example.test.tsx" name="Georgian Distribution System - Test Examples &gt; validates Georgian phone numbers" time="0.0006607">
        </testcase>
    </testsuite>
    <testsuite name="src/app/global-error.test.tsx" timestamp="2025-11-20T09:15:05.130Z" hostname="SITECH-PC" tests="8" failures="0" errors="0" skipped="0" time="0.123008">
        <testcase classname="src/app/global-error.test.tsx" name="Global Error Boundary &gt; should render global error boundary" time="0.057657">
            <system-err>
In HTML, &lt;html&gt; cannot be a child of &lt;div&gt;.
This will cause a hydration error.
Critical application error Error: Critical error
    at C:/Users/SITECH/Desktop/DEV/Distribution-Managment/frontend/src/app/global-error.test.tsx:21:21
    at [90mfile:///C:/Users/SITECH/Desktop/DEV/Distribution-Managment/frontend/[39mnode_modules/[4m@vitest[24m/runner/dist/index.js:735:40
    at runWithSuite [90m(file:///C:/Users/SITECH/Desktop/DEV/Distribution-Managment/frontend/[39mnode_modules/[4m@vitest[24m/runner/dist/index.js:1588:8[90m)[39m
    at Object.collect [90m(file:///C:/Users/SITECH/Desktop/DEV/Distribution-Managment/frontend/[39mnode_modules/[4m@vitest[24m/runner/dist/index.js:735:10[90m)[39m
    at Object.collect [90m(file:///C:/Users/SITECH/Desktop/DEV/Distribution-Managment/frontend/[39mnode_modules/[4m@vitest[24m/runner/dist/index.js:739:54[90m)[39m
[90m    at processTicksAndRejections (node:internal/process/task_queues:105:5)[39m
    at collectTests [90m(file:///C:/Users/SITECH/Desktop/DEV/Distribution-Managment/frontend/[39mnode_modules/[4m@vitest[24m/runner/dist/index.js:1048:25[90m)[39m
    at startTests [90m(file:///C:/Users/SITECH/Desktop/DEV/Distribution-Managment/frontend/[39mnode_modules/[4m@vitest[24m/runner/dist/index.js:1556:17[90m)[39m
    at run [90m(file:///C:/Users/SITECH/Desktop/DEV/Distribution-Managment/frontend/[39mnode_modules/[4mvitest[24m/dist/chunks/base.BFVArrYW.js:85:25[90m)[39m
    at runBaseTests [90m(file:///C:/Users/SITECH/Desktop/DEV/Distribution-Managment/frontend/[39mnode_modules/[4mvitest[24m/dist/chunks/base.BFVArrYW.js:153:2[90m)[39m { digest: [90mundefined[39m, location: [32m&apos;global-error-boundary&apos;[39m }

            </system-err>
        </testcase>
        <testcase classname="src/app/global-error.test.tsx" name="Global Error Boundary &gt; should display error message in development" time="0.0111379">
            <system-err>
Critical application error Error: Critical error
    at C:/Users/SITECH/Desktop/DEV/Distribution-Managment/frontend/src/app/global-error.test.tsx:21:21
    at [90mfile:///C:/Users/SITECH/Desktop/DEV/Distribution-Managment/frontend/[39mnode_modules/[4m@vitest[24m/runner/dist/index.js:735:40
    at runWithSuite [90m(file:///C:/Users/SITECH/Desktop/DEV/Distribution-Managment/frontend/[39mnode_modules/[4m@vitest[24m/runner/dist/index.js:1588:8[90m)[39m
    at Object.collect [90m(file:///C:/Users/SITECH/Desktop/DEV/Distribution-Managment/frontend/[39mnode_modules/[4m@vitest[24m/runner/dist/index.js:735:10[90m)[39m
    at Object.collect [90m(file:///C:/Users/SITECH/Desktop/DEV/Distribution-Managment/frontend/[39mnode_modules/[4m@vitest[24m/runner/dist/index.js:739:54[90m)[39m
[90m    at processTicksAndRejections (node:internal/process/task_queues:105:5)[39m
    at collectTests [90m(file:///C:/Users/SITECH/Desktop/DEV/Distribution-Managment/frontend/[39mnode_modules/[4m@vitest[24m/runner/dist/index.js:1048:25[90m)[39m
    at startTests [90m(file:///C:/Users/SITECH/Desktop/DEV/Distribution-Managment/frontend/[39mnode_modules/[4m@vitest[24m/runner/dist/index.js:1556:17[90m)[39m
    at run [90m(file:///C:/Users/SITECH/Desktop/DEV/Distribution-Managment/frontend/[39mnode_modules/[4mvitest[24m/dist/chunks/base.BFVArrYW.js:85:25[90m)[39m
    at runBaseTests [90m(file:///C:/Users/SITECH/Desktop/DEV/Distribution-Managment/frontend/[39mnode_modules/[4mvitest[24m/dist/chunks/base.BFVArrYW.js:153:2[90m)[39m { digest: [90mundefined[39m, location: [32m&apos;global-error-boundary&apos;[39m }

            </system-err>
        </testcase>
        <testcase classname="src/app/global-error.test.tsx" name="Global Error Boundary &gt; should not display error details in production" time="0.0084238">
            <system-err>
Critical application error Error: Critical error
    at C:/Users/SITECH/Desktop/DEV/Distribution-Managment/frontend/src/app/global-error.test.tsx:21:21
    at [90mfile:///C:/Users/SITECH/Desktop/DEV/Distribution-Managment/frontend/[39mnode_modules/[4m@vitest[24m/runner/dist/index.js:735:40
    at runWithSuite [90m(file:///C:/Users/SITECH/Desktop/DEV/Distribution-Managment/frontend/[39mnode_modules/[4m@vitest[24m/runner/dist/index.js:1588:8[90m)[39m
    at Object.collect [90m(file:///C:/Users/SITECH/Desktop/DEV/Distribution-Managment/frontend/[39mnode_modules/[4m@vitest[24m/runner/dist/index.js:735:10[90m)[39m
    at Object.collect [90m(file:///C:/Users/SITECH/Desktop/DEV/Distribution-Managment/frontend/[39mnode_modules/[4m@vitest[24m/runner/dist/index.js:739:54[90m)[39m
[90m    at processTicksAndRejections (node:internal/process/task_queues:105:5)[39m
    at collectTests [90m(file:///C:/Users/SITECH/Desktop/DEV/Distribution-Managment/frontend/[39mnode_modules/[4m@vitest[24m/runner/dist/index.js:1048:25[90m)[39m
    at startTests [90m(file:///C:/Users/SITECH/Desktop/DEV/Distribution-Managment/frontend/[39mnode_modules/[4m@vitest[24m/runner/dist/index.js:1556:17[90m)[39m
    at run [90m(file:///C:/Users/SITECH/Desktop/DEV/Distribution-Managment/frontend/[39mnode_modules/[4mvitest[24m/dist/chunks/base.BFVArrYW.js:85:25[90m)[39m
    at runBaseTests [90m(file:///C:/Users/SITECH/Desktop/DEV/Distribution-Managment/frontend/[39mnode_modules/[4mvitest[24m/dist/chunks/base.BFVArrYW.js:153:2[90m)[39m { digest: [90mundefined[39m, location: [32m&apos;global-error-boundary&apos;[39m }

            </system-err>
        </testcase>
        <testcase classname="src/app/global-error.test.tsx" name="Global Error Boundary &gt; should display error digest in development" time="0.0095085">
            <system-err>
Critical application error Error: Test
    at C:/Users/SITECH/Desktop/DEV/Distribution-Managment/frontend/src/app/global-error.test.tsx:94:43
    at [90mfile:///C:/Users/SITECH/Desktop/DEV/Distribution-Managment/frontend/[39mnode_modules/[4m@vitest[24m/runner/dist/index.js:157:11
    at [90mfile:///C:/Users/SITECH/Desktop/DEV/Distribution-Managment/frontend/[39mnode_modules/[4m@vitest[24m/runner/dist/index.js:753:26
    at [90mfile:///C:/Users/SITECH/Desktop/DEV/Distribution-Managment/frontend/[39mnode_modules/[4m@vitest[24m/runner/dist/index.js:1636:20
    at new Promise (&lt;anonymous&gt;)
    at runWithTimeout [90m(file:///C:/Users/SITECH/Desktop/DEV/Distribution-Managment/frontend/[39mnode_modules/[4m@vitest[24m/runner/dist/index.js:1602:10[90m)[39m
    at runTest [90m(file:///C:/Users/SITECH/Desktop/DEV/Distribution-Managment/frontend/[39mnode_modules/[4m@vitest[24m/runner/dist/index.js:1309:12[90m)[39m
[90m    at processTicksAndRejections (node:internal/process/task_queues:105:5)[39m
    at runSuite [90m(file:///C:/Users/SITECH/Desktop/DEV/Distribution-Managment/frontend/[39mnode_modules/[4m@vitest[24m/runner/dist/index.js:1468:8[90m)[39m
    at runSuite [90m(file:///C:/Users/SITECH/Desktop/DEV/Distribution-Managment/frontend/[39mnode_modules/[4m@vitest[24m/runner/dist/index.js:1468:8[90m)[39m {
  digest: [32m&apos;xyz789&apos;[39m
} { digest: [32m&apos;xyz789&apos;[39m, location: [32m&apos;global-error-boundary&apos;[39m }

            </system-err>
        </testcase>
        <testcase classname="src/app/global-error.test.tsx" name="Global Error Boundary &gt; should call reset when &quot;ÃŸÃ¢Ã­ÃŸÃ¢Â¬ÃŸÃ¢Ã‰ÃŸÃ¢Ã´ÃŸÃ¢Ã¶ ÃŸÃ¢Ã¹ÃŸÃ¢Ã‰ÃŸÃ¢Ã²ÃŸÃ¢Ã¿ÃŸÃ¢Ã´ÃŸÃ¢Ã‰ÃŸÃ¢Â£&quot; button is clicked" time="0.0136423">
            <system-err>
Critical application error Error: Critical error
    at C:/Users/SITECH/Desktop/DEV/Distribution-Managment/frontend/src/app/global-error.test.tsx:21:21
    at [90mfile:///C:/Users/SITECH/Desktop/DEV/Distribution-Managment/frontend/[39mnode_modules/[4m@vitest[24m/runner/dist/index.js:735:40
    at runWithSuite [90m(file:///C:/Users/SITECH/Desktop/DEV/Distribution-Managment/frontend/[39mnode_modules/[4m@vitest[24m/runner/dist/index.js:1588:8[90m)[39m
    at Object.collect [90m(file:///C:/Users/SITECH/Desktop/DEV/Distribution-Managment/frontend/[39mnode_modules/[4m@vitest[24m/runner/dist/index.js:735:10[90m)[39m
    at Object.collect [90m(file:///C:/Users/SITECH/Desktop/DEV/Distribution-Managment/frontend/[39mnode_modules/[4m@vitest[24m/runner/dist/index.js:739:54[90m)[39m
[90m    at processTicksAndRejections (node:internal/process/task_queues:105:5)[39m
    at collectTests [90m(file:///C:/Users/SITECH/Desktop/DEV/Distribution-Managment/frontend/[39mnode_modules/[4m@vitest[24m/runner/dist/index.js:1048:25[90m)[39m
    at startTests [90m(file:///C:/Users/SITECH/Desktop/DEV/Distribution-Managment/frontend/[39mnode_modules/[4m@vitest[24m/runner/dist/index.js:1556:17[90m)[39m
    at run [90m(file:///C:/Users/SITECH/Desktop/DEV/Distribution-Managment/frontend/[39mnode_modules/[4mvitest[24m/dist/chunks/base.BFVArrYW.js:85:25[90m)[39m
    at runBaseTests [90m(file:///C:/Users/SITECH/Desktop/DEV/Distribution-Managment/frontend/[39mnode_modules/[4mvitest[24m/dist/chunks/base.BFVArrYW.js:153:2[90m)[39m { digest: [90mundefined[39m, location: [32m&apos;global-error-boundary&apos;[39m }

            </system-err>
        </testcase>
        <testcase classname="src/app/global-error.test.tsx" name="Global Error Boundary &gt; should navigate to home when &quot;ÃŸÃ¢Â¢ÃŸÃ¢Ã¹ÃŸÃ¢Ã‰ÃŸÃ¢Ã²ÃŸÃ¢Ã‰ÃŸÃ¢Ã¡ÃŸÃ¢Ã¿ ÃŸÃ¢Ã†ÃŸÃ¢Ã²ÃŸÃ¢Ã¶ÃŸÃ¢Ã¡ÃŸÃ¢Ã´ÃŸÃ¢Ã¿&quot; button is clicked" time="0.0068459">
            <system-err>
Critical application error Error: Critical error
    at C:/Users/SITECH/Desktop/DEV/Distribution-Managment/frontend/src/app/global-error.test.tsx:21:21
    at [90mfile:///C:/Users/SITECH/Desktop/DEV/Distribution-Managment/frontend/[39mnode_modules/[4m@vitest[24m/runner/dist/index.js:735:40
    at runWithSuite [90m(file:///C:/Users/SITECH/Desktop/DEV/Distribution-Managment/frontend/[39mnode_modules/[4m@vitest[24m/runner/dist/index.js:1588:8[90m)[39m
    at Object.collect [90m(file:///C:/Users/SITECH/Desktop/DEV/Distribution-Managment/frontend/[39mnode_modules/[4m@vitest[24m/runner/dist/index.js:735:10[90m)[39m
    at Object.collect [90m(file:///C:/Users/SITECH/Desktop/DEV/Distribution-Managment/frontend/[39mnode_modules/[4m@vitest[24m/runner/dist/index.js:739:54[90m)[39m
[90m    at processTicksAndRejections (node:internal/process/task_queues:105:5)[39m
    at collectTests [90m(file:///C:/Users/SITECH/Desktop/DEV/Distribution-Managment/frontend/[39mnode_modules/[4m@vitest[24m/runner/dist/index.js:1048:25[90m)[39m
    at startTests [90m(file:///C:/Users/SITECH/Desktop/DEV/Distribution-Managment/frontend/[39mnode_modules/[4m@vitest[24m/runner/dist/index.js:1556:17[90m)[39m
    at run [90m(file:///C:/Users/SITECH/Desktop/DEV/Distribution-Managment/frontend/[39mnode_modules/[4mvitest[24m/dist/chunks/base.BFVArrYW.js:85:25[90m)[39m
    at runBaseTests [90m(file:///C:/Users/SITECH/Desktop/DEV/Distribution-Managment/frontend/[39mnode_modules/[4mvitest[24m/dist/chunks/base.BFVArrYW.js:153:2[90m)[39m { digest: [90mundefined[39m, location: [32m&apos;global-error-boundary&apos;[39m }

            </system-err>
        </testcase>
        <testcase classname="src/app/global-error.test.tsx" name="Global Error Boundary &gt; should display Georgian critical error message" time="0.0057886">
            <system-err>
Critical application error Error: Critical error
    at C:/Users/SITECH/Desktop/DEV/Distribution-Managment/frontend/src/app/global-error.test.tsx:21:21
    at [90mfile:///C:/Users/SITECH/Desktop/DEV/Distribution-Managment/frontend/[39mnode_modules/[4m@vitest[24m/runner/dist/index.js:735:40
    at runWithSuite [90m(file:///C:/Users/SITECH/Desktop/DEV/Distribution-Managment/frontend/[39mnode_modules/[4m@vitest[24m/runner/dist/index.js:1588:8[90m)[39m
    at Object.collect [90m(file:///C:/Users/SITECH/Desktop/DEV/Distribution-Managment/frontend/[39mnode_modules/[4m@vitest[24m/runner/dist/index.js:735:10[90m)[39m
    at Object.collect [90m(file:///C:/Users/SITECH/Desktop/DEV/Distribution-Managment/frontend/[39mnode_modules/[4m@vitest[24m/runner/dist/index.js:739:54[90m)[39m
[90m    at processTicksAndRejections (node:internal/process/task_queues:105:5)[39m
    at collectTests [90m(file:///C:/Users/SITECH/Desktop/DEV/Distribution-Managment/frontend/[39mnode_modules/[4m@vitest[24m/runner/dist/index.js:1048:25[90m)[39m
    at startTests [90m(file:///C:/Users/SITECH/Desktop/DEV/Distribution-Managment/frontend/[39mnode_modules/[4m@vitest[24m/runner/dist/index.js:1556:17[90m)[39m
    at run [90m(file:///C:/Users/SITECH/Desktop/DEV/Distribution-Managment/frontend/[39mnode_modules/[4mvitest[24m/dist/chunks/base.BFVArrYW.js:85:25[90m)[39m
    at runBaseTests [90m(file:///C:/Users/SITECH/Desktop/DEV/Distribution-Managment/frontend/[39mnode_modules/[4mvitest[24m/dist/chunks/base.BFVArrYW.js:153:2[90m)[39m { digest: [90mundefined[39m, location: [32m&apos;global-error-boundary&apos;[39m }

            </system-err>
        </testcase>
        <testcase classname="src/app/global-error.test.tsx" name="Global Error Boundary &gt; should use inline styles" time="0.0068749">
            <system-err>
Critical application error Error: Critical error
    at C:/Users/SITECH/Desktop/DEV/Distribution-Managment/frontend/src/app/global-error.test.tsx:21:21
    at [90mfile:///C:/Users/SITECH/Desktop/DEV/Distribution-Managment/frontend/[39mnode_modules/[4m@vitest[24m/runner/dist/index.js:735:40
    at runWithSuite [90m(file:///C:/Users/SITECH/Desktop/DEV/Distribution-Managment/frontend/[39mnode_modules/[4m@vitest[24m/runner/dist/index.js:1588:8[90m)[39m
    at Object.collect [90m(file:///C:/Users/SITECH/Desktop/DEV/Distribution-Managment/frontend/[39mnode_modules/[4m@vitest[24m/runner/dist/index.js:735:10[90m)[39m
    at Object.collect [90m(file:///C:/Users/SITECH/Desktop/DEV/Distribution-Managment/frontend/[39mnode_modules/[4m@vitest[24m/runner/dist/index.js:739:54[90m)[39m
[90m    at processTicksAndRejections (node:internal/process/task_queues:105:5)[39m
    at collectTests [90m(file:///C:/Users/SITECH/Desktop/DEV/Distribution-Managment/frontend/[39mnode_modules/[4m@vitest[24m/runner/dist/index.js:1048:25[90m)[39m
    at startTests [90m(file:///C:/Users/SITECH/Desktop/DEV/Distribution-Managment/frontend/[39mnode_modules/[4m@vitest[24m/runner/dist/index.js:1556:17[90m)[39m
    at run [90m(file:///C:/Users/SITECH/Desktop/DEV/Distribution-Managment/frontend/[39mnode_modules/[4mvitest[24m/dist/chunks/base.BFVArrYW.js:85:25[90m)[39m
    at runBaseTests [90m(file:///C:/Users/SITECH/Desktop/DEV/Distribution-Managment/frontend/[39mnode_modules/[4mvitest[24m/dist/chunks/base.BFVArrYW.js:153:2[90m)[39m { digest: [90mundefined[39m, location: [32m&apos;global-error-boundary&apos;[39m }

            </system-err>
        </testcase>
    </testsuite>
    <testsuite name="src/lib/logger.test.ts" timestamp="2025-11-20T09:15:05.132Z" hostname="SITECH-PC" tests="20" failures="0" errors="0" skipped="0" time="0.1091829">
        <testcase classname="src/lib/logger.test.ts" name="logger &gt; info &gt; should not throw when called with message and context" time="0.0036586">
        </testcase>
        <testcase classname="src/lib/logger.test.ts" name="logger &gt; info &gt; should not throw when called without context" time="0.0006316">
        </testcase>
        <testcase classname="src/lib/logger.test.ts" name="logger &gt; warn &gt; should not throw when called with warning" time="0.0005328">
        </testcase>
        <testcase classname="src/lib/logger.test.ts" name="logger &gt; error &gt; should not throw when called with error and context" time="0.0071871">
        </testcase>
        <testcase classname="src/lib/logger.test.ts" name="logger &gt; error &gt; should not throw when called without context" time="0.0012293">
        </testcase>
        <testcase classname="src/lib/logger.test.ts" name="logger &gt; performance &gt; should return a function when starting performance tracking" time="0.0006099">
        </testcase>
        <testcase classname="src/lib/logger.test.ts" name="logger &gt; performance &gt; should not throw when calling the end function" time="0.0007685">
        </testcase>
        <testcase classname="src/lib/logger.test.ts" name="logger &gt; performance &gt; should not throw when logging performance metrics" time="0.0003725">
        </testcase>
        <testcase classname="src/lib/logger.test.ts" name="logger &gt; performance &gt; should track async operations" time="0.0006204">
        </testcase>
        <testcase classname="src/lib/logger.test.ts" name="logger &gt; connection &gt; should not throw when logging connection events" time="0.0004523">
        </testcase>
        <testcase classname="src/lib/logger.test.ts" name="logger &gt; test logging &gt; should not throw when logging test pass" time="0.0005834">
        </testcase>
        <testcase classname="src/lib/logger.test.ts" name="logger &gt; test logging &gt; should not throw when logging test failure" time="0.0003467">
        </testcase>
        <testcase classname="src/lib/logger.test.ts" name="logger &gt; test logging &gt; should not throw when logging test skip" time="0.0002887">
        </testcase>
        <testcase classname="src/lib/logger.test.ts" name="logger &gt; child loggers &gt; should create child logger without throwing" time="0.0003715">
        </testcase>
        <testcase classname="src/lib/logger.test.ts" name="logger &gt; child loggers &gt; should allow child logger to log without throwing" time="0.0017856">
        </testcase>
        <testcase classname="src/lib/logger.test.ts" name="logger &gt; createLogger &gt; should create module-specific logger" time="0.0003986">
        </testcase>
        <testcase classname="src/lib/logger.test.ts" name="logger &gt; createLogger &gt; should not throw when using module logger" time="0.0004173">
        </testcase>
        <testcase classname="src/lib/logger.test.ts" name="logger &gt; edge cases &gt; should handle undefined context gracefully" time="0.0002572">
        </testcase>
        <testcase classname="src/lib/logger.test.ts" name="logger &gt; edge cases &gt; should handle complex nested context objects" time="0.0003385">
        </testcase>
        <testcase classname="src/lib/logger.test.ts" name="logger &gt; edge cases &gt; should handle non-Error objects in error logging" time="0.0003246">
        </testcase>
    </testsuite>
    <testsuite name="src/lib/monitoring/sla-tracker.test.ts" timestamp="2025-11-20T09:15:05.135Z" hostname="SITECH-PC" tests="1" failures="0" errors="0" skipped="0" time="0.0037743">
        <testcase classname="src/lib/monitoring/sla-tracker.test.ts" name="SLA Tracker &gt; should be defined" time="0.0021379">
        </testcase>
    </testsuite>
    <testsuite name="src/lib/testing/query-provider.test.ts" timestamp="2025-11-20T09:15:05.135Z" hostname="SITECH-PC" tests="1" failures="0" errors="0" skipped="0" time="0.0042554">
        <testcase classname="src/lib/testing/query-provider.test.ts" name="Query Provider &gt; should be defined" time="0.0025568">
        </testcase>
    </testsuite>
    <testsuite name="src/tests/admin/admin.test.ts" timestamp="2025-11-20T09:15:05.135Z" hostname="SITECH-PC" tests="36" failures="1" errors="0" skipped="2" time="0.128627">
        <testcase classname="src/tests/admin/admin.test.ts" name="Admin Client Configuration &gt; should create admin client successfully" time="0.0029829">
        </testcase>
        <testcase classname="src/tests/admin/admin.test.ts" name="Admin Client Configuration &gt; should validate admin configuration" time="0.002182">
        </testcase>
        <testcase classname="src/tests/admin/admin.test.ts" name="Admin Client Configuration &gt; should check connection health" time="0.0036793">
        </testcase>
        <testcase classname="src/tests/admin/admin.test.ts" name="Admin Client Configuration &gt; should enforce server-side only usage" time="0">
            <skipped/>
        </testcase>
        <testcase classname="src/tests/admin/admin.test.ts" name="AdminService &gt; should provide connection info" time="0.0038308">
        </testcase>
        <testcase classname="src/tests/admin/admin.test.ts" name="AdminService &gt; should get system health" time="0.0025757">
        </testcase>
        <testcase classname="src/tests/admin/admin.test.ts" name="AdminService &gt; should provide environment-specific functionality" time="0.0079108">
        </testcase>
        <testcase classname="src/tests/admin/admin.test.ts" name="AdminValidator &gt; should validate email addresses" time="0.0021004">
        </testcase>
        <testcase classname="src/tests/admin/admin.test.ts" name="AdminValidator &gt; should validate user data" time="0.0010306">
        </testcase>
        <testcase classname="src/tests/admin/admin.test.ts" name="AdminValidator &gt; should validate product data" time="0.0008148">
        </testcase>
        <testcase classname="src/tests/admin/admin.test.ts" name="AdminValidator &gt; should validate bulk price updates" time="0.0006746">
        </testcase>
        <testcase classname="src/tests/admin/admin.test.ts" name="AdminValidator &gt; should filter logs by resource" time="0.0009168">
        </testcase>
        <testcase classname="src/tests/admin/admin.test.ts" name="AdminBatchProcessor &gt; should create batch operations" time="0.0008725">
        </testcase>
        <testcase classname="src/tests/admin/admin.test.ts" name="AdminBatchProcessor &gt; should update batch progress" time="0.0007751">
        </testcase>
        <testcase classname="src/tests/admin/admin.test.ts" name="AdminBatchProcessor &gt; should complete batch operations" time="0.000448">
        </testcase>
        <testcase classname="src/tests/admin/admin.test.ts" name="AdminBatchProcessor &gt; should retrieve active batches" time="0.0008293">
        </testcase>
        <testcase classname="src/tests/admin/admin.test.ts" name="AdminBatchProcessor &gt; should cleanup old batches" time="0.0166236">
            <failure message="expected [ { Î“Ã‡Âª(9) } ] to have a length of +0 but got 1" type="AssertionError">
AssertionError: expected [ { Î“Ã‡Âª(9) } ] to have a length of +0 but got 1

- Expected
+ Received

- 0
+ 1

 Î“Â¥Â» src/tests/admin/admin.test.ts:319:24
            </failure>
        </testcase>
        <testcase classname="src/tests/admin/admin.test.ts" name="AdminDataProcessor &gt; should format currency" time="0.0382998">
        </testcase>
        <testcase classname="src/tests/admin/admin.test.ts" name="AdminDataProcessor &gt; should format dates" time="0.0110447">
        </testcase>
        <testcase classname="src/tests/admin/admin.test.ts" name="AdminDataProcessor &gt; should calculate percentage changes" time="0.0010551">
        </testcase>
        <testcase classname="src/tests/admin/admin.test.ts" name="AdminDataProcessor &gt; should format percentages" time="0.0005278">
        </testcase>
        <testcase classname="src/tests/admin/admin.test.ts" name="AdminDataProcessor &gt; should generate analytics reports" time="0.0047086">
        </testcase>
        <testcase classname="src/tests/admin/admin.test.ts" name="AdminSecurityHelper &gt; should sanitize input" time="0.0011365">
        </testcase>
        <testcase classname="src/tests/admin/admin.test.ts" name="AdminSecurityHelper &gt; should validate file uploads" time="0.0012437">
        </testcase>
        <testcase classname="src/tests/admin/admin.test.ts" name="AdminSecurityHelper &gt; should generate secure tokens" time="0.0018068">
        </testcase>
        <testcase classname="src/tests/admin/admin.test.ts" name="BulkService &gt; should create bulk price update batch" time="0.0034587">
        </testcase>
        <testcase classname="src/tests/admin/admin.test.ts" name="BulkService &gt; should create bulk user status update batch" time="0.0019615">
        </testcase>
        <testcase classname="src/tests/admin/admin.test.ts" name="BulkService &gt; should require confirmation for destructive operations" time="0.0019223">
        </testcase>
        <testcase classname="src/tests/admin/admin.test.ts" name="BulkService &gt; should monitor batch operations" time="0.0012771">
        </testcase>
        <testcase classname="src/tests/admin/admin.test.ts" name="AuditService &gt; should log admin actions" time="0.0010975">
        </testcase>
        <testcase classname="src/tests/admin/admin.test.ts" name="AuditService &gt; should get audit statistics" time="0.0023391">
        </testcase>
        <testcase classname="src/tests/admin/admin.test.ts" name="AuditService &gt; should export audit logs" time="0.0015049">
        </testcase>
        <testcase classname="src/tests/admin/admin.test.ts" name="Integration Tests &gt; should work together as complete system" time="0.0014515">
        </testcase>
        <testcase classname="src/tests/admin/admin.test.ts" name="Error Handling &gt; should handle validation errors gracefully" time="0.0009208">
        </testcase>
        <testcase classname="src/tests/admin/admin.test.ts" name="Error Handling &gt; should handle batch operation errors" time="0.0007489">
        </testcase>
        <testcase classname="src/tests/admin/admin.test.ts" name="Error Handling &gt; should provide meaningful error messages" time="0">
            <skipped/>
        </testcase>
    </testsuite>
</testsuites>
