
> frontend@0.1.0 test
> vitest run src/lib/store/cart.store.test.ts


[1m[46m RUN [49m[22m [36mv4.0.10 [39m[90mC:/Users/SITECH/Desktop/DEV/Distribution-Managment/frontend[39m

 [31mÎ“Â¥Â»[39m src/lib/store/cart.store.test.ts [2m([22m[2m6 tests[22m[2m | [22m[31m6 failed[39m[2m)[22m[32m 12[2mms[22m[39m
[31m     [31mâ”œÃ¹[31m should start with empty cart[39m[32m 6[2mms[22m[39m
[31m     [31mâ”œÃ¹[31m should add items to cart[39m[32m 1[2mms[22m[39m
[31m     [31mâ”œÃ¹[31m should increment quantity for existing item[39m[32m 1[2mms[22m[39m
[31m     [31mâ”œÃ¹[31m should remove item from cart[39m[32m 1[2mms[22m[39m
[31m     [31mâ”œÃ¹[31m should update quantity[39m[32m 1[2mms[22m[39m
[31m     [31mâ”œÃ¹[31m should calculate total price[39m[32m 0[2mms[22m[39m

Î“Ã„Â»Î“Ã„Â»Î“Ã„Â»Î“Ã„Â»Î“Ã„Â»Î“Ã„Â»Î“Ã„Â» Failed Tests 6 Î“Ã„Â»Î“Ã„Â»Î“Ã„Â»Î“Ã„Â»Î“Ã„Â»Î“Ã„Â»Î“Ã„Â»

 FAIL  src/lib/store/cart.store.test.ts > Cart Store > should start with empty cart
 FAIL  src/lib/store/cart.store.test.ts > Cart Store > should add items to cart
 FAIL  src/lib/store/cart.store.test.ts > Cart Store > should increment quantity for existing item
 FAIL  src/lib/store/cart.store.test.ts > Cart Store > should remove item from cart
 FAIL  src/lib/store/cart.store.test.ts > Cart Store > should update quantity
 FAIL  src/lib/store/cart.store.test.ts > Cart Store > should calculate total price
TypeError: Cannot read properties of undefined (reading 'getState')
 Î“Â¥Â» src/lib/store/cart.store.test.ts:6:22
      4| describe('Cart Store', () => {
      5|     beforeEach(() => {
      6|         useCartStore.getState().clearCart()
       |                      ^
      7|     })
      8| 

Î“Ã„Â»Î“Ã„Â»Î“Ã„Â»Î“Ã„Â»Î“Ã„Â»Î“Ã„Â»Î“Ã„Â»Î“Ã„Â»Î“Ã„Â»Î“Ã„Â»Î“Ã„Â»Î“Ã„Â»Î“Ã„Â»Î“Ã„Â»Î“Ã„Â»Î“Ã„Â»Î“Ã„Â»Î“Ã„Â»Î“Ã„Â»Î“Ã„Â»Î“Ã„Â»Î“Ã„Â»Î“Ã„Â»Î“Ã„Â»[1/6]Î“Ã„Â»


[2m Test Files [22m [1m[31m1 failed[39m[22m[90m (1)[39m
[2m      Tests [22m [1m[31m6 failed[39m[22m[90m (6)[39m
[2m   Start at [22m 19:08:31
[2m   Duration [22m 1.03s[2m (transform 135ms, setup 267ms, collect 32ms, tests 12ms, environment 458ms, prepare 24ms)[22m

<?xml version="1.0" encoding="UTF-8" ?>
<testsuites name="vitest tests" tests="6" failures="6" errors="0" time="0.0117286">
    <testsuite name="src/lib/store/cart.store.test.ts" timestamp="2025-11-20T15:08:32.467Z" hostname="SITECH-PC" tests="6" failures="6" errors="0" skipped="0" time="0.0117286">
        <testcase classname="src/lib/store/cart.store.test.ts" name="Cart Store &gt; should start with empty cart" time="0.0063716">
            <failure message="Cannot read properties of undefined (reading &apos;getState&apos;)" type="TypeError">
TypeError: Cannot read properties of undefined (reading &apos;getState&apos;)
 Î“Â¥Â» src/lib/store/cart.store.test.ts:6:22
            </failure>
        </testcase>
        <testcase classname="src/lib/store/cart.store.test.ts" name="Cart Store &gt; should add items to cart" time="0.0011296">
            <failure message="Cannot read properties of undefined (reading &apos;getState&apos;)" type="TypeError">
TypeError: Cannot read properties of undefined (reading &apos;getState&apos;)
 Î“Â¥Â» src/lib/store/cart.store.test.ts:6:22
            </failure>
        </testcase>
        <testcase classname="src/lib/store/cart.store.test.ts" name="Cart Store &gt; should increment quantity for existing item" time="0.0006568">
            <failure message="Cannot read properties of undefined (reading &apos;getState&apos;)" type="TypeError">
TypeError: Cannot read properties of undefined (reading &apos;getState&apos;)
 Î“Â¥Â» src/lib/store/cart.store.test.ts:6:22
            </failure>
        </testcase>
        <testcase classname="src/lib/store/cart.store.test.ts" name="Cart Store &gt; should remove item from cart" time="0.0007914">
            <failure message="Cannot read properties of undefined (reading &apos;getState&apos;)" type="TypeError">
TypeError: Cannot read properties of undefined (reading &apos;getState&apos;)
 Î“Â¥Â» src/lib/store/cart.store.test.ts:6:22
            </failure>
        </testcase>
        <testcase classname="src/lib/store/cart.store.test.ts" name="Cart Store &gt; should update quantity" time="0.0006824">
            <failure message="Cannot read properties of undefined (reading &apos;getState&apos;)" type="TypeError">
TypeError: Cannot read properties of undefined (reading &apos;getState&apos;)
 Î“Â¥Â» src/lib/store/cart.store.test.ts:6:22
            </failure>
        </testcase>
        <testcase classname="src/lib/store/cart.store.test.ts" name="Cart Store &gt; should calculate total price" time="0.0003939">
            <failure message="Cannot read properties of undefined (reading &apos;getState&apos;)" type="TypeError">
TypeError: Cannot read properties of undefined (reading &apos;getState&apos;)
 Î“Â¥Â» src/lib/store/cart.store.test.ts:6:22
            </failure>
        </testcase>
    </testsuite>
</testsuites>
