
[1m[46m RUN [49m[22m [36mv4.0.10 [39m[90mC:/Users/SITECH/Desktop/DEV/Distribution-Managment/frontend[39m

 [31mÎ“Â¥Â»[39m src/tests/admin/admin.test.ts [2m([22m[2m39 tests[22m[2m | [22m[31m7 failed[39m[2m | [22m[33m2 skipped[39m[2m)[22m[32m 98[2mms[22m[39m
     [32mÎ“Â£Ã´[39m should create admin client successfully[32m 2[2mms[22m[39m
     [32mÎ“Â£Ã´[39m should validate admin configuration[32m 1[2mms[22m[39m
     [32mÎ“Â£Ã´[39m should check connection health[32m 2[2mms[22m[39m
     [2m[90mÎ“Ã¥Ã´[39m[22m should enforce server-side only usage
     [32mÎ“Â£Ã´[39m should provide connection info[32m 3[2mms[22m[39m
     [32mÎ“Â£Ã´[39m should get system health[32m 2[2mms[22m[39m
     [32mÎ“Â£Ã´[39m should provide environment-specific functionality[32m 2[2mms[22m[39m
     [32mÎ“Â£Ã´[39m should validate email addresses[32m 2[2mms[22m[39m
     [32mÎ“Â£Ã´[39m should validate user data[32m 1[2mms[22m[39m
     [32mÎ“Â£Ã´[39m should validate product data[32m 1[2mms[22m[39m
     [32mÎ“Â£Ã´[39m should validate bulk price updates[32m 1[2mms[22m[39m
     [32mÎ“Â£Ã´[39m should log admin actions[32m 1[2mms[22m[39m
[31m     [31mâ”œÃ¹[31m should retrieve recent logs[39m[32m 9[2mms[22m[39m
     [32mÎ“Â£Ã´[39m should filter logs by action[32m 1[2mms[22m[39m
     [32mÎ“Â£Ã´[39m should filter logs by resource[32m 1[2mms[22m[39m
     [32mÎ“Â£Ã´[39m should create batch operations[32m 1[2mms[22m[39m
     [32mÎ“Â£Ã´[39m should update batch progress[32m 3[2mms[22m[39m
     [32mÎ“Â£Ã´[39m should complete batch operations[32m 1[2mms[22m[39m
[31m     [31mâ”œÃ¹[31m should retrieve active batches[39m[32m 4[2mms[22m[39m
[31m     [31mâ”œÃ¹[31m should cleanup old batches[39m[32m 1[2mms[22m[39m
[31m     [31mâ”œÃ¹[31m should format currency[39m[32m 30[2mms[22m[39m
[31m     [31mâ”œÃ¹[31m should format dates[39m[32m 8[2mms[22m[39m
     [32mÎ“Â£Ã´[39m should calculate percentage changes[32m 1[2mms[22m[39m
     [32mÎ“Â£Ã´[39m should format percentages[32m 0[2mms[22m[39m
[31m     [31mâ”œÃ¹[31m should generate analytics reports[39m[32m 5[2mms[22m[39m
     [32mÎ“Â£Ã´[39m should sanitize input[32m 1[2mms[22m[39m
     [32mÎ“Â£Ã´[39m should validate file uploads[32m 1[2mms[22m[39m
     [32mÎ“Â£Ã´[39m should generate secure tokens[32m 1[2mms[22m[39m
     [32mÎ“Â£Ã´[39m should create bulk price update batch[32m 2[2mms[22m[39m
     [32mÎ“Â£Ã´[39m should create bulk user status update batch[32m 1[2mms[22m[39m
     [32mÎ“Â£Ã´[39m should require confirmation for destructive operations[32m 1[2mms[22m[39m
     [32mÎ“Â£Ã´[39m should monitor batch operations[32m 1[2mms[22m[39m
     [32mÎ“Â£Ã´[39m should log admin actions[32m 0[2mms[22m[39m
     [32mÎ“Â£Ã´[39m should get audit statistics[32m 1[2mms[22m[39m
     [32mÎ“Â£Ã´[39m should export audit logs[32m 1[2mms[22m[39m
[31m     [31mâ”œÃ¹[31m should work together as complete system[39m[32m 1[2mms[22m[39m
     [32mÎ“Â£Ã´[39m should handle validation errors gracefully[32m 1[2mms[22m[39m
     [32mÎ“Â£Ã´[39m should handle batch operation errors[32m 1[2mms[22m[39m
     [2m[90mÎ“Ã¥Ã´[39m[22m should provide meaningful error messages

Î“Ã„Â»Î“Ã„Â»Î“Ã„Â»Î“Ã„Â»Î“Ã„Â»Î“Ã„Â»Î“Ã„Â» Failed Tests 7 Î“Ã„Â»Î“Ã„Â»Î“Ã„Â»Î“Ã„Â»Î“Ã„Â»Î“Ã„Â»Î“Ã„Â»

 FAIL  src/tests/admin/admin.test.ts > AdminAuditLogger > should retrieve recent logs
AssertionError: expected 'user_create' to be 'product_create' // Object.is equality

Expected: "product_create"
Received: "user_create"

 Î“Â¥Â» src/tests/admin/admin.test.ts:273:35
    271|     const recentLogs = AdminAuditLogger.getRecentLogs(2)
    272|     expect(recentLogs).toHaveLength(2)
    273|     expect(recentLogs[0]?.action).toBe('product_create') // Most recent
       |                                   ^
    274|     expect(recentLogs[1]?.action).toBe('user_update')
    275|   })

Î“Ã„Â»Î“Ã„Â»Î“Ã„Â»Î“Ã„Â»Î“Ã„Â»Î“Ã„Â»Î“Ã„Â»Î“Ã„Â»Î“Ã„Â»Î“Ã„Â»Î“Ã„Â»Î“Ã„Â»Î“Ã„Â»Î“Ã„Â»Î“Ã„Â»Î“Ã„Â»Î“Ã„Â»Î“Ã„Â»Î“Ã„Â»Î“Ã„Â»Î“Ã„Â»Î“Ã„Â»Î“Ã„Â»Î“Ã„Â»[1/7]Î“Ã„Â»

 FAIL  src/tests/admin/admin.test.ts > AdminBatchProcessor > should retrieve active batches
AssertionError: expected [ { Î“Ã‡Âª(8) }, { Î“Ã‡Âª(9) }, { Î“Ã‡Âª(8) } ] to have a length of 1 but got 3

- Expected
+ Received

- 1
+ 3

 Î“Â¥Â» src/tests/admin/admin.test.ts:347:27
    345| 
    346|     const activeBatches = AdminBatchProcessor.getActiveBatches()
    347|     expect(activeBatches).toHaveLength(1)
       |                           ^
    348|     expect(activeBatches[0]?.id).toBe(batch2.id)
    349|   })

Î“Ã„Â»Î“Ã„Â»Î“Ã„Â»Î“Ã„Â»Î“Ã„Â»Î“Ã„Â»Î“Ã„Â»Î“Ã„Â»Î“Ã„Â»Î“Ã„Â»Î“Ã„Â»Î“Ã„Â»Î“Ã„Â»Î“Ã„Â»Î“Ã„Â»Î“Ã„Â»Î“Ã„Â»Î“Ã„Â»Î“Ã„Â»Î“Ã„Â»Î“Ã„Â»Î“Ã„Â»Î“Ã„Â»Î“Ã„Â»[2/7]Î“Ã„Â»

 FAIL  src/tests/admin/admin.test.ts > AdminBatchProcessor > should cleanup old batches
AssertionError: expected [ { Î“Ã‡Âª(8) }, { Î“Ã‡Âª(9) }, { Î“Ã‡Âª(9) }, Î“Ã‡Âª(3) ] to have a length of +0 but got 6

- Expected
+ Received

- 0
+ 6

 Î“Â¥Â» src/tests/admin/admin.test.ts:359:24
    357| 
    358|     const allBatches = AdminBatchProcessor.getAllBatches()
    359|     expect(allBatches).toHaveLength(0)
       |                        ^
    360|   })
    361| })

Î“Ã„Â»Î“Ã„Â»Î“Ã„Â»Î“Ã„Â»Î“Ã„Â»Î“Ã„Â»Î“Ã„Â»Î“Ã„Â»Î“Ã„Â»Î“Ã„Â»Î“Ã„Â»Î“Ã„Â»Î“Ã„Â»Î“Ã„Â»Î“Ã„Â»Î“Ã„Â»Î“Ã„Â»Î“Ã„Â»Î“Ã„Â»Î“Ã„Â»Î“Ã„Â»Î“Ã„Â»Î“Ã„Â»Î“Ã„Â»[3/7]Î“Ã„Â»

 FAIL  src/tests/admin/admin.test.ts > AdminDataProcessor > should format currency
AssertionError: expected '1234,56â”¬Ã¡Î“Ã©â•›' to contain '1234.56'

Expected: "1234.56"
Received: "1234,56â”¬Ã¡Î“Ã©â•›"

 Î“Â¥Â» src/tests/admin/admin.test.ts:366:23
    364|   test('should format currency', () => {
    365|     const formatted = AdminDataProcessor.formatCurrency(1234.56)
    366|     expect(formatted).toContain('1234.56')
       |                       ^
    367|     expect(formatted).toMatch(/GEL|Î“Ã©â•›/)
    368|   })

Î“Ã„Â»Î“Ã„Â»Î“Ã„Â»Î“Ã„Â»Î“Ã„Â»Î“Ã„Â»Î“Ã„Â»Î“Ã„Â»Î“Ã„Â»Î“Ã„Â»Î“Ã„Â»Î“Ã„Â»Î“Ã„Â»Î“Ã„Â»Î“Ã„Â»Î“Ã„Â»Î“Ã„Â»Î“Ã„Â»Î“Ã„Â»Î“Ã„Â»Î“Ã„Â»Î“Ã„Â»Î“Ã„Â»Î“Ã„Â»[4/7]Î“Ã„Â»

 FAIL  src/tests/admin/admin.test.ts > AdminDataProcessor > should format dates
AssertionError: expected '1 ÃŸÃ¢Ã¿ÃŸÃ¢Ã‰ÃŸÃ¢Â£ÃŸÃ¢Ã²ÃŸÃ¢Ã‰ÃŸÃ¢Ã¡ÃŸÃ¢Ã¿, 2025, 16:00' to contain 'January'

Expected: "January"
Received: "1 ÃŸÃ¢Ã¿ÃŸÃ¢Ã‰ÃŸÃ¢Â£ÃŸÃ¢Ã²ÃŸÃ¢Ã‰ÃŸÃ¢Ã¡ÃŸÃ¢Ã¿, 2025, 16:00"

 Î“Â¥Â» src/tests/admin/admin.test.ts:377:18
    375| 
    376|     const long = AdminDataProcessor.formatDate(date, 'long')
    377|     expect(long).toContain('January')
       |                  ^
    378|     expect(long).toContain('12:00')
    379| 

Î“Ã„Â»Î“Ã„Â»Î“Ã„Â»Î“Ã„Â»Î“Ã„Â»Î“Ã„Â»Î“Ã„Â»Î“Ã„Â»Î“Ã„Â»Î“Ã„Â»Î“Ã„Â»Î“Ã„Â»Î“Ã„Â»Î“Ã„Â»Î“Ã„Â»Î“Ã„Â»Î“Ã„Â»Î“Ã„Â»Î“Ã„Â»Î“Ã„Â»Î“Ã„Â»Î“Ã„Â»Î“Ã„Â»Î“Ã„Â»[5/7]Î“Ã„Â»

 FAIL  src/tests/admin/admin.test.ts > AdminDataProcessor > should generate analytics reports
AssertionError: expected '\n# Georgian Distribution System - AnÎ“Ã‡Âª' to contain 'Total Orders: 100'

- Expected
+ Received

- Total Orders: 100
+
+ # Georgian Distribution System - Analytics Report
+
+ Generated: 20.11.2025, 03:37:26
+
+ ## Summary
+ - **Total Orders**: 100
+ - **Total Revenue**: 5000,00â”¬Ã¡Î“Ã©â•›
+ - **Average Order Value**: 50,00â”¬Ã¡Î“Ã©â•›
+
+ ## Orders by Status
+ - **pending**: 20
+ - **completed**: 80
+
+ ## Revenue by Day
+ - **2025-01-01**: 1000,00â”¬Ã¡Î“Ã©â•›
+ - **2025-01-02**: 1500,00â”¬Ã¡Î“Ã©â•›
+
+ ## Top Products
+ - **1. Product A**: 1000,00â”¬Ã¡Î“Ã©â•›
+ - **2. Product B**: 800,00â”¬Ã¡Î“Ã©â•›
+

 Î“Â¥Â» src/tests/admin/admin.test.ts:418:20
    416|     const report = AdminDataProcessor.generateAnalyticsReport(analyticÎ“Ã‡Âª
    417|     expect(report).toContain('# Georgian Distribution System - AnalytiÎ“Ã‡Âª
    418|     expect(report).toContain('Total Orders: 100')
       |                    ^
    419|     expect(report).toContain('Total Revenue:')
    420|     expect(report).toContain('pending: 20')

Î“Ã„Â»Î“Ã„Â»Î“Ã„Â»Î“Ã„Â»Î“Ã„Â»Î“Ã„Â»Î“Ã„Â»Î“Ã„Â»Î“Ã„Â»Î“Ã„Â»Î“Ã„Â»Î“Ã„Â»Î“Ã„Â»Î“Ã„Â»Î“Ã„Â»Î“Ã„Â»Î“Ã„Â»Î“Ã„Â»Î“Ã„Â»Î“Ã„Â»Î“Ã„Â»Î“Ã„Â»Î“Ã„Â»Î“Ã„Â»[6/7]Î“Ã„Â»

 FAIL  src/tests/admin/admin.test.ts > Integration Tests > should work together as complete system
AssertionError: expected '100,00â”¬Ã¡Î“Ã©â•›' to contain 'GEL'

Expected: "GEL"
Received: "100,00â”¬Ã¡Î“Ã©â•›"

 Î“Â¥Â» src/tests/admin/admin.test.ts:614:31
    612|     // 5. Process data
    613|     const formattedCurrency = AdminDataProcessor.formatCurrency(100)
    614|     expect(formattedCurrency).toContain('GEL')
       |                               ^
    615| 
    616|     // 6. Sanitize input

Î“Ã„Â»Î“Ã„Â»Î“Ã„Â»Î“Ã„Â»Î“Ã„Â»Î“Ã„Â»Î“Ã„Â»Î“Ã„Â»Î“Ã„Â»Î“Ã„Â»Î“Ã„Â»Î“Ã„Â»Î“Ã„Â»Î“Ã„Â»Î“Ã„Â»Î“Ã„Â»Î“Ã„Â»Î“Ã„Â»Î“Ã„Â»Î“Ã„Â»Î“Ã„Â»Î“Ã„Â»Î“Ã„Â»Î“Ã„Â»[7/7]Î“Ã„Â»


[2m Test Files [22m [1m[31m1 failed[39m[22m[90m (1)[39m
[2m      Tests [22m [1m[31m7 failed[39m[22m[2m | [22m[1m[32m30 passed[39m[22m[2m | [22m[33m2 skipped[39m[90m (39)[39m
[2m   Start at [22m 03:37:25
[2m   Duration [22m 874ms[2m (transform 274ms, setup 312ms, collect 196ms, tests 98ms, environment 0ms, prepare 17ms)[22m

<?xml version="1.0" encoding="UTF-8" ?>
<testsuites name="vitest tests" tests="39" failures="7" errors="0" time="0.0981398">
    <testsuite name="src/tests/admin/admin.test.ts" timestamp="2025-11-19T23:37:26.816Z" hostname="SITECH-PC" tests="39" failures="7" errors="0" skipped="2" time="0.0981398">
        <testcase classname="src/tests/admin/admin.test.ts" name="Admin Client Configuration &gt; should create admin client successfully" time="0.0018331">
        </testcase>
        <testcase classname="src/tests/admin/admin.test.ts" name="Admin Client Configuration &gt; should validate admin configuration" time="0.0013669">
        </testcase>
        <testcase classname="src/tests/admin/admin.test.ts" name="Admin Client Configuration &gt; should check connection health" time="0.0018353">
        </testcase>
        <testcase classname="src/tests/admin/admin.test.ts" name="Admin Client Configuration &gt; should enforce server-side only usage" time="0">
            <skipped/>
        </testcase>
        <testcase classname="src/tests/admin/admin.test.ts" name="AdminService &gt; should provide connection info" time="0.0026537">
        </testcase>
        <testcase classname="src/tests/admin/admin.test.ts" name="AdminService &gt; should get system health" time="0.001719">
        </testcase>
        <testcase classname="src/tests/admin/admin.test.ts" name="AdminService &gt; should provide environment-specific functionality" time="0.0019066">
        </testcase>
        <testcase classname="src/tests/admin/admin.test.ts" name="AdminValidator &gt; should validate email addresses" time="0.0024992">
        </testcase>
        <testcase classname="src/tests/admin/admin.test.ts" name="AdminValidator &gt; should validate user data" time="0.0012547">
        </testcase>
        <testcase classname="src/tests/admin/admin.test.ts" name="AdminValidator &gt; should validate product data" time="0.001147">
        </testcase>
        <testcase classname="src/tests/admin/admin.test.ts" name="AdminValidator &gt; should validate bulk price updates" time="0.0006938">
        </testcase>
        <testcase classname="src/tests/admin/admin.test.ts" name="AdminAuditLogger &gt; should log admin actions" time="0.0008074">
        </testcase>
        <testcase classname="src/tests/admin/admin.test.ts" name="AdminAuditLogger &gt; should retrieve recent logs" time="0.0094154">
            <failure message="expected &apos;user_create&apos; to be &apos;product_create&apos; // Object.is equality" type="AssertionError">
AssertionError: expected &apos;user_create&apos; to be &apos;product_create&apos; // Object.is equality

Expected: &quot;product_create&quot;
Received: &quot;user_create&quot;

 Î“Â¥Â» src/tests/admin/admin.test.ts:273:35
            </failure>
        </testcase>
        <testcase classname="src/tests/admin/admin.test.ts" name="AdminAuditLogger &gt; should filter logs by action" time="0.0006029">
        </testcase>
        <testcase classname="src/tests/admin/admin.test.ts" name="AdminAuditLogger &gt; should filter logs by resource" time="0.0006034">
        </testcase>
        <testcase classname="src/tests/admin/admin.test.ts" name="AdminBatchProcessor &gt; should create batch operations" time="0.0008203">
        </testcase>
        <testcase classname="src/tests/admin/admin.test.ts" name="AdminBatchProcessor &gt; should update batch progress" time="0.0025086">
        </testcase>
        <testcase classname="src/tests/admin/admin.test.ts" name="AdminBatchProcessor &gt; should complete batch operations" time="0.0006368">
        </testcase>
        <testcase classname="src/tests/admin/admin.test.ts" name="AdminBatchProcessor &gt; should retrieve active batches" time="0.0042878">
            <failure message="expected [ { Î“Ã‡Âª(8) }, { Î“Ã‡Âª(9) }, { Î“Ã‡Âª(8) } ] to have a length of 1 but got 3" type="AssertionError">
AssertionError: expected [ { Î“Ã‡Âª(8) }, { Î“Ã‡Âª(9) }, { Î“Ã‡Âª(8) } ] to have a length of 1 but got 3

- Expected
+ Received

- 1
+ 3

 Î“Â¥Â» src/tests/admin/admin.test.ts:347:27
            </failure>
        </testcase>
        <testcase classname="src/tests/admin/admin.test.ts" name="AdminBatchProcessor &gt; should cleanup old batches" time="0.0011927">
            <failure message="expected [ { Î“Ã‡Âª(8) }, { Î“Ã‡Âª(9) }, { Î“Ã‡Âª(9) }, Î“Ã‡Âª(3) ] to have a length of +0 but got 6" type="AssertionError">
AssertionError: expected [ { Î“Ã‡Âª(8) }, { Î“Ã‡Âª(9) }, { Î“Ã‡Âª(9) }, Î“Ã‡Âª(3) ] to have a length of +0 but got 6

- Expected
+ Received

- 0
+ 6

 Î“Â¥Â» src/tests/admin/admin.test.ts:359:24
            </failure>
        </testcase>
        <testcase classname="src/tests/admin/admin.test.ts" name="AdminDataProcessor &gt; should format currency" time="0.0302586">
            <failure message="expected &apos;1234,56â”¬Ã¡Î“Ã©â•›&apos; to contain &apos;1234.56&apos;" type="AssertionError">
AssertionError: expected &apos;1234,56â”¬Ã¡Î“Ã©â•›&apos; to contain &apos;1234.56&apos;

Expected: &quot;1234.56&quot;
Received: &quot;1234,56â”¬Ã¡Î“Ã©â•›&quot;

 Î“Â¥Â» src/tests/admin/admin.test.ts:366:23
            </failure>
        </testcase>
        <testcase classname="src/tests/admin/admin.test.ts" name="AdminDataProcessor &gt; should format dates" time="0.0082213">
            <failure message="expected &apos;1 ÃŸÃ¢Ã¿ÃŸÃ¢Ã‰ÃŸÃ¢Â£ÃŸÃ¢Ã²ÃŸÃ¢Ã‰ÃŸÃ¢Ã¡ÃŸÃ¢Ã¿, 2025, 16:00&apos; to contain &apos;January&apos;" type="AssertionError">
AssertionError: expected &apos;1 ÃŸÃ¢Ã¿ÃŸÃ¢Ã‰ÃŸÃ¢Â£ÃŸÃ¢Ã²ÃŸÃ¢Ã‰ÃŸÃ¢Ã¡ÃŸÃ¢Ã¿, 2025, 16:00&apos; to contain &apos;January&apos;

Expected: &quot;January&quot;
Received: &quot;1 ÃŸÃ¢Ã¿ÃŸÃ¢Ã‰ÃŸÃ¢Â£ÃŸÃ¢Ã²ÃŸÃ¢Ã‰ÃŸÃ¢Ã¡ÃŸÃ¢Ã¿, 2025, 16:00&quot;

 Î“Â¥Â» src/tests/admin/admin.test.ts:377:18
            </failure>
        </testcase>
        <testcase classname="src/tests/admin/admin.test.ts" name="AdminDataProcessor &gt; should calculate percentage changes" time="0.0005165">
        </testcase>
        <testcase classname="src/tests/admin/admin.test.ts" name="AdminDataProcessor &gt; should format percentages" time="0.0003804">
        </testcase>
        <testcase classname="src/tests/admin/admin.test.ts" name="AdminDataProcessor &gt; should generate analytics reports" time="0.0051583">
            <failure message="expected &apos;\n# Georgian Distribution System - AnÎ“Ã‡Âª&apos; to contain &apos;Total Orders: 100&apos;" type="AssertionError">
AssertionError: expected &apos;\n# Georgian Distribution System - AnÎ“Ã‡Âª&apos; to contain &apos;Total Orders: 100&apos;

- Expected
+ Received

- Total Orders: 100
+
+ # Georgian Distribution System - Analytics Report
+
+ Generated: 20.11.2025, 03:37:26
+
+ ## Summary
+ - **Total Orders**: 100
+ - **Total Revenue**: 5000,00â”¬Ã¡Î“Ã©â•›
+ - **Average Order Value**: 50,00â”¬Ã¡Î“Ã©â•›
+
+ ## Orders by Status
+ - **pending**: 20
+ - **completed**: 80
+
+ ## Revenue by Day
+ - **2025-01-01**: 1000,00â”¬Ã¡Î“Ã©â•›
+ - **2025-01-02**: 1500,00â”¬Ã¡Î“Ã©â•›
+
+ ## Top Products
+ - **1. Product A**: 1000,00â”¬Ã¡Î“Ã©â•›
+ - **2. Product B**: 800,00â”¬Ã¡Î“Ã©â•›
+

 Î“Â¥Â» src/tests/admin/admin.test.ts:418:20
            </failure>
        </testcase>
        <testcase classname="src/tests/admin/admin.test.ts" name="AdminSecurityHelper &gt; should sanitize input" time="0.0005649">
        </testcase>
        <testcase classname="src/tests/admin/admin.test.ts" name="AdminSecurityHelper &gt; should validate file uploads" time="0.0008066">
        </testcase>
        <testcase classname="src/tests/admin/admin.test.ts" name="AdminSecurityHelper &gt; should generate secure tokens" time="0.0007428">
        </testcase>
        <testcase classname="src/tests/admin/admin.test.ts" name="BulkService &gt; should create bulk price update batch" time="0.002243">
        </testcase>
        <testcase classname="src/tests/admin/admin.test.ts" name="BulkService &gt; should create bulk user status update batch" time="0.0012767">
        </testcase>
        <testcase classname="src/tests/admin/admin.test.ts" name="BulkService &gt; should require confirmation for destructive operations" time="0.0011592">
        </testcase>
        <testcase classname="src/tests/admin/admin.test.ts" name="BulkService &gt; should monitor batch operations" time="0.0007763">
        </testcase>
        <testcase classname="src/tests/admin/admin.test.ts" name="AuditService &gt; should log admin actions" time="0.0004994">
        </testcase>
        <testcase classname="src/tests/admin/admin.test.ts" name="AuditService &gt; should get audit statistics" time="0.0009303">
        </testcase>
        <testcase classname="src/tests/admin/admin.test.ts" name="AuditService &gt; should export audit logs" time="0.0008101">
        </testcase>
        <testcase classname="src/tests/admin/admin.test.ts" name="Integration Tests &gt; should work together as complete system" time="0.0012102">
            <failure message="expected &apos;100,00â”¬Ã¡Î“Ã©â•›&apos; to contain &apos;GEL&apos;" type="AssertionError">
AssertionError: expected &apos;100,00â”¬Ã¡Î“Ã©â•›&apos; to contain &apos;GEL&apos;

Expected: &quot;GEL&quot;
Received: &quot;100,00â”¬Ã¡Î“Ã©â•›&quot;

 Î“Â¥Â» src/tests/admin/admin.test.ts:614:31
            </failure>
        </testcase>
        <testcase classname="src/tests/admin/admin.test.ts" name="Error Handling &gt; should handle validation errors gracefully" time="0.0008367">
        </testcase>
        <testcase classname="src/tests/admin/admin.test.ts" name="Error Handling &gt; should handle batch operation errors" time="0.0010013">
        </testcase>
        <testcase classname="src/tests/admin/admin.test.ts" name="Error Handling &gt; should provide meaningful error messages" time="0">
            <skipped/>
        </testcase>
    </testsuite>
</testsuites>
